<?xml version="1.0" encoding="UTF-8"?>
<!-- Generated by org.testng.reporters.JUnitXMLReporter -->
<testsuite ignored="2" hostname="LTIN486613" failures="0" tests="17" name="ChromeTest" time="103.459" errors="0" timestamp="2024-04-09T11:07:58 IST">
  <testcase classname="testCases.TC_001_WhereToGo" name="click_where2Go" time="0.106"/>
  <testcase classname="testCases.TC_001_WhereToGo" name="the_user_navigated_to_where2Go_page" time="0.009"/>
  <testcase classname="testCases.TC_001_WhereToGo" name="click_trekkingHotspots" time="8.707"/>
  <testcase classname="testCases.TC_001_WhereToGo" name="the_user_navigated_to_trekDestination" time="0.008"/>
  <testcase classname="testCases.TC_001_WhereToGo" name="selectCity" time="1.146"/>
  <testcase classname="testCases.TC_001_WhereToGo" name="set_Travel_Duration" time="2.976"/>
  <testcase classname="testCases.TC_001_WhereToGo" name="setCity" time="2.524"/>
  <testcase classname="testCases.TC_001_WhereToGo" name="printPlacePrice" time="3.48"/>
  <testcase classname="testCases.TC_001_WhereToGo" name="navigateToHomePage" time="0.065"/>
  <testcase classname="testCases.TC_002__HolidayPackage" name="navigate_to_HolidayPage" time="0.09"/>
  <testcase classname="testCases.TC_002__HolidayPackage" name="click_opt_Explore_Europe" time="0.465"/>
  <testcase classname="testCases.TC_002__HolidayPackage" name="click_opt_Italy" time="0.074"/>
  <testcase classname="testCases.TC_002__HolidayPackage" name="verifyPage" time="2.525"/>
  <testcase classname="testCases.TC_002__HolidayPackage" name="close_Popup_If_Display" time="10.064"/>
  <testcase classname="testCases.TC_002__HolidayPackage" name="click_opt_AllPackages" time="0.092"/>
  <testcase classname="testCases.TC_002__HolidayPackage" name="select_all_Packages" time="44.432"/>
  <testcase classname="testCases.TC_002__HolidayPackage" name="navigate_to_home_Page" time="0.078"/>
  <testcase classname="baseFactory.BaseClass" name="@AfterTest tearDown" time="0.0">
    <ignored/>
  </testcase> <!-- @AfterTest tearDown -->
  <testcase classname="baseFactory.BaseClass" name="@BeforeTest driverSetup" time="0.0">
    <ignored/>
  </testcase> <!-- @BeforeTest driverSetup -->
</testsuite> <!-- ChromeTest -->
