<?xml version="1.0" encoding="UTF-8"?>
<testng-results ignored="0" total="23" passed="23" failed="0" skipped="0">
  <reporter-output>
  </reporter-output>
  <suite started-at="2024-04-09T11:06:14 IST" name="Suite" finished-at="2024-04-09T11:11:38 IST" duration-ms="323540">
    <groups>
      <group name="cucumber">
        <method signature="AbstractTestNGCucumberTests.runScenario(io.cucumber.testng.PickleWrapper,io.cucumber.testng.FeatureWrapper)[pri:0, instance:testRunner.TestRunner@d2de489]" name="runScenario" class="io.cucumber.testng.AbstractTestNGCucumberTests"/>
      </group> <!-- cucumber -->
    </groups>
    <test started-at="2024-04-09T11:06:14 IST" name="ChromeTest" finished-at="2024-04-09T11:07:58 IST" duration-ms="103459">
      <class name="testCases.TC_002__HolidayPackage">
        <test-method signature="navigate_to_HolidayPage()[pri:1, instance:testCases.TC_002__HolidayPackage@514646ef]" started-at="2024-04-09T11:06:51 IST" name="navigate_to_HolidayPage" finished-at="2024-04-09T11:06:51 IST" duration-ms="90" status="PASS">
          <reporter-output>
          </reporter-output>
        </test-method> <!-- navigate_to_HolidayPage -->
        <test-method signature="click_opt_Explore_Europe()[pri:2, instance:testCases.TC_002__HolidayPackage@514646ef]" started-at="2024-04-09T11:06:51 IST" name="click_opt_Explore_Europe" finished-at="2024-04-09T11:06:52 IST" duration-ms="465" status="PASS">
          <reporter-output>
          </reporter-output>
        </test-method> <!-- click_opt_Explore_Europe -->
        <test-method signature="click_opt_Italy()[pri:3, instance:testCases.TC_002__HolidayPackage@514646ef]" started-at="2024-04-09T11:06:52 IST" name="click_opt_Italy" finished-at="2024-04-09T11:06:52 IST" duration-ms="74" status="PASS">
          <reporter-output>
          </reporter-output>
        </test-method> <!-- click_opt_Italy -->
        <test-method signature="verifyPage()[pri:4, instance:testCases.TC_002__HolidayPackage@514646ef]" started-at="2024-04-09T11:06:55 IST" name="verifyPage" finished-at="2024-04-09T11:06:57 IST" duration-ms="2525" status="PASS">
          <reporter-output>
          </reporter-output>
        </test-method> <!-- verifyPage -->
        <test-method signature="close_Popup_If_Display()[pri:5, instance:testCases.TC_002__HolidayPackage@514646ef]" started-at="2024-04-09T11:06:57 IST" name="close_Popup_If_Display" finished-at="2024-04-09T11:07:07 IST" duration-ms="10064" status="PASS">
          <reporter-output>
          </reporter-output>
        </test-method> <!-- close_Popup_If_Display -->
        <test-method signature="click_opt_AllPackages()[pri:6, instance:testCases.TC_002__HolidayPackage@514646ef]" started-at="2024-04-09T11:07:08 IST" name="click_opt_AllPackages" finished-at="2024-04-09T11:07:08 IST" duration-ms="92" status="PASS">
          <reporter-output>
          </reporter-output>
        </test-method> <!-- click_opt_AllPackages -->
        <test-method signature="select_all_Packages()[pri:7, instance:testCases.TC_002__HolidayPackage@514646ef]" started-at="2024-04-09T11:07:08 IST" name="select_all_Packages" finished-at="2024-04-09T11:07:53 IST" duration-ms="44432" status="PASS">
          <reporter-output>
          </reporter-output>
        </test-method> <!-- select_all_Packages -->
        <test-method signature="navigate_to_home_Page()[pri:8, instance:testCases.TC_002__HolidayPackage@514646ef]" started-at="2024-04-09T11:07:53 IST" name="navigate_to_home_Page" finished-at="2024-04-09T11:07:53 IST" duration-ms="78" status="PASS">
          <reporter-output>
          </reporter-output>
        </test-method> <!-- navigate_to_home_Page -->
      </class> <!-- testCases.TC_002__HolidayPackage -->
      <class name="testCases.TC_001_WhereToGo">
        <test-method is-config="true" signature="driverSetup()[pri:0, instance:testCases.TC_001_WhereToGo@2b30a42c]" started-at="2024-04-09T11:06:15 IST" name="driverSetup" finished-at="2024-04-09T11:06:24 IST" duration-ms="9117" status="PASS">
          <reporter-output>
          </reporter-output>
        </test-method> <!-- driverSetup -->
        <test-method signature="click_where2Go()[pri:1, instance:testCases.TC_001_WhereToGo@2b30a42c]" started-at="2024-04-09T11:06:24 IST" name="click_where2Go" finished-at="2024-04-09T11:06:24 IST" duration-ms="106" status="PASS">
          <reporter-output>
          </reporter-output>
        </test-method> <!-- click_where2Go -->
        <test-method signature="the_user_navigated_to_where2Go_page()[pri:2, instance:testCases.TC_001_WhereToGo@2b30a42c]" started-at="2024-04-09T11:06:30 IST" name="the_user_navigated_to_where2Go_page" finished-at="2024-04-09T11:06:30 IST" duration-ms="9" status="PASS">
          <reporter-output>
          </reporter-output>
        </test-method> <!-- the_user_navigated_to_where2Go_page -->
        <test-method signature="click_trekkingHotspots()[pri:3, instance:testCases.TC_001_WhereToGo@2b30a42c]" started-at="2024-04-09T11:06:30 IST" name="click_trekkingHotspots" finished-at="2024-04-09T11:06:39 IST" duration-ms="8707" status="PASS">
          <reporter-output>
          </reporter-output>
        </test-method> <!-- click_trekkingHotspots -->
        <test-method signature="the_user_navigated_to_trekDestination()[pri:4, instance:testCases.TC_001_WhereToGo@2b30a42c]" started-at="2024-04-09T11:06:39 IST" name="the_user_navigated_to_trekDestination" finished-at="2024-04-09T11:06:39 IST" duration-ms="8" status="PASS">
          <reporter-output>
          </reporter-output>
        </test-method> <!-- the_user_navigated_to_trekDestination -->
        <test-method signature="selectCity()[pri:5, instance:testCases.TC_001_WhereToGo@2b30a42c]" started-at="2024-04-09T11:06:39 IST" name="selectCity" finished-at="2024-04-09T11:06:40 IST" depends-on-methods="testCases.TC_001_WhereToGo.the_user_navigated_to_trekDestination" duration-ms="1146" status="PASS">
          <reporter-output>
          </reporter-output>
        </test-method> <!-- selectCity -->
        <test-method signature="set_Travel_Duration()[pri:6, instance:testCases.TC_001_WhereToGo@2b30a42c]" started-at="2024-04-09T11:06:41 IST" name="set_Travel_Duration" finished-at="2024-04-09T11:06:44 IST" depends-on-methods="testCases.TC_001_WhereToGo.selectCity" duration-ms="2976" status="PASS">
          <reporter-output>
          </reporter-output>
        </test-method> <!-- set_Travel_Duration -->
        <test-method signature="setCity()[pri:7, instance:testCases.TC_001_WhereToGo@2b30a42c]" started-at="2024-04-09T11:06:44 IST" name="setCity" finished-at="2024-04-09T11:06:46 IST" depends-on-methods="testCases.TC_001_WhereToGo.set_Travel_Duration" duration-ms="2524" status="PASS">
          <reporter-output>
          </reporter-output>
        </test-method> <!-- setCity -->
        <test-method signature="printPlacePrice()[pri:8, instance:testCases.TC_001_WhereToGo@2b30a42c]" started-at="2024-04-09T11:06:47 IST" name="printPlacePrice" finished-at="2024-04-09T11:06:50 IST" depends-on-methods="testCases.TC_001_WhereToGo.setCity" duration-ms="3480" status="PASS">
          <reporter-output>
          </reporter-output>
        </test-method> <!-- printPlacePrice -->
        <test-method signature="navigateToHomePage()[pri:9, instance:testCases.TC_001_WhereToGo@2b30a42c]" started-at="2024-04-09T11:06:50 IST" name="navigateToHomePage" finished-at="2024-04-09T11:06:50 IST" depends-on-methods="testCases.TC_001_WhereToGo.the_user_navigated_to_where2Go_page" duration-ms="65" status="PASS">
          <reporter-output>
          </reporter-output>
        </test-method> <!-- navigateToHomePage -->
        <test-method is-config="true" signature="tearDown()[pri:0, instance:testCases.TC_001_WhereToGo@2b30a42c]" started-at="2024-04-09T11:07:53 IST" name="tearDown" finished-at="2024-04-09T11:07:58 IST" duration-ms="4512" status="PASS">
          <reporter-output>
          </reporter-output>
        </test-method> <!-- tearDown -->
      </class> <!-- testCases.TC_001_WhereToGo -->
    </test> <!-- ChromeTest -->
    <test started-at="2024-04-09T11:08:03 IST" name="CucumberTests" finished-at="2024-04-09T11:11:38 IST" duration-ms="214604">
      <class name="testRunner.TestRunner">
        <test-method is-config="true" signature="setUpClass(org.testng.ITestContext)[pri:0, instance:testRunner.TestRunner@d2de489]" started-at="2024-04-09T11:08:03 IST" name="setUpClass" finished-at="2024-04-09T11:08:04 IST" duration-ms="947" status="PASS">
          <params>
            <param index="0">
              <value>
                <![CDATA[org.testng.TestRunner@674b9b85]]>
              </value>
            </param>
          </params>
          <reporter-output>
          </reporter-output>
        </test-method> <!-- setUpClass -->
        <test-method signature="runScenario(io.cucumber.testng.PickleWrapper,io.cucumber.testng.FeatureWrapper)[pri:0, instance:testRunner.TestRunner@d2de489]" started-at="2024-04-09T11:08:04 IST" name="runScenario" description="Runs Cucumber Scenarios" data-provider="scenarios" finished-at="2024-04-09T11:08:26 IST" duration-ms="22003" status="PASS">
          <params>
            <param index="0">
              <value>
                <![CDATA["Validation using Invalid details"]]>
              </value>
            </param>
            <param index="1">
              <value>
                <![CDATA["Validation of GiftCards Page"]]>
              </value>
            </param>
          </params>
          <reporter-output>
          </reporter-output>
        </test-method> <!-- runScenario -->
        <test-method signature="runScenario(io.cucumber.testng.PickleWrapper,io.cucumber.testng.FeatureWrapper)[pri:0, instance:testRunner.TestRunner@d2de489]" started-at="2024-04-09T11:08:26 IST" name="runScenario" description="Runs Cucumber Scenarios" data-provider="scenarios" finished-at="2024-04-09T11:08:47 IST" duration-ms="20273" status="PASS">
          <params>
            <param index="0">
              <value>
                <![CDATA["Validation using Invalid details"]]>
              </value>
            </param>
            <param index="1">
              <value>
                <![CDATA["Validation of GiftCards Page"]]>
              </value>
            </param>
          </params>
          <reporter-output>
          </reporter-output>
        </test-method> <!-- runScenario -->
        <test-method signature="runScenario(io.cucumber.testng.PickleWrapper,io.cucumber.testng.FeatureWrapper)[pri:0, instance:testRunner.TestRunner@d2de489]" started-at="2024-04-09T11:08:47 IST" name="runScenario" description="Runs Cucumber Scenarios" data-provider="scenarios" finished-at="2024-04-09T11:09:09 IST" duration-ms="22939" status="PASS">
          <params>
            <param index="0">
              <value>
                <![CDATA["Validation using Invalid details"]]>
              </value>
            </param>
            <param index="1">
              <value>
                <![CDATA["Validation of GiftCards Page"]]>
              </value>
            </param>
          </params>
          <reporter-output>
          </reporter-output>
        </test-method> <!-- runScenario -->
        <test-method signature="runScenario(io.cucumber.testng.PickleWrapper,io.cucumber.testng.FeatureWrapper)[pri:0, instance:testRunner.TestRunner@d2de489]" started-at="2024-04-09T11:09:09 IST" name="runScenario" description="Runs Cucumber Scenarios" data-provider="scenarios" finished-at="2024-04-09T11:09:33 IST" duration-ms="23808" status="PASS">
          <params>
            <param index="0">
              <value>
                <![CDATA["Validation using Valid details"]]>
              </value>
            </param>
            <param index="1">
              <value>
                <![CDATA["Validation of GiftCards Page"]]>
              </value>
            </param>
          </params>
          <reporter-output>
          </reporter-output>
        </test-method> <!-- runScenario -->
        <test-method signature="runScenario(io.cucumber.testng.PickleWrapper,io.cucumber.testng.FeatureWrapper)[pri:0, instance:testRunner.TestRunner@d2de489]" started-at="2024-04-09T11:09:33 IST" name="runScenario" description="Runs Cucumber Scenarios" data-provider="scenarios" finished-at="2024-04-09T11:10:19 IST" duration-ms="45690" status="PASS">
          <params>
            <param index="0">
              <value>
                <![CDATA["Capturing Lowest charge of SUV cab"]]>
              </value>
            </param>
            <param index="1">
              <value>
                <![CDATA["Book an outstation cab"]]>
              </value>
            </param>
          </params>
          <reporter-output>
          </reporter-output>
        </test-method> <!-- runScenario -->
        <test-method signature="runScenario(io.cucumber.testng.PickleWrapper,io.cucumber.testng.FeatureWrapper)[pri:0, instance:testRunner.TestRunner@d2de489]" started-at="2024-04-09T11:10:19 IST" name="runScenario" description="Runs Cucumber Scenarios" data-provider="scenarios" finished-at="2024-04-09T11:10:46 IST" duration-ms="26687" status="PASS">
          <params>
            <param index="0">
              <value>
                <![CDATA["Capturing Lowest charge of SUV cab"]]>
              </value>
            </param>
            <param index="1">
              <value>
                <![CDATA["Book an outstation cab"]]>
              </value>
            </param>
          </params>
          <reporter-output>
          </reporter-output>
        </test-method> <!-- runScenario -->
        <test-method is-config="true" signature="tearDownClass()[pri:0, instance:testRunner.TestRunner@d2de489]" started-at="2024-04-09T11:10:46 IST" name="tearDownClass" finished-at="2024-04-09T11:11:38 IST" duration-ms="52240" status="PASS">
          <reporter-output>
          </reporter-output>
        </test-method> <!-- tearDownClass -->
      </class> <!-- testRunner.TestRunner -->
    </test> <!-- CucumberTests -->
  </suite> <!-- Suite -->
</testng-results>
